<?xml version="1.0" encoding="UTF-8" ?>
<testsuite tests="5" failures="0" name="containersoftware.CucumberTest" time="0.049" errors="0" skipped="5">
  <properties>
[...]
</properties>
  <testcase classname="Login to account" name="Successful login" time="0.009">
    <skipped/>
    <system-err>Mar 25, 2020 11:34:44 AM cucumber.runtime.java.ObjectFactoryLoader loadSingleObjectFactory
INFO: Loading ObjectFactory via service loader: io.cucumber.picocontainer.PicoFactory
</system-err>
  </testcase>
  <testcase classname="Login to account" name="Successful login" time="0.01">
    <skipped/>
  </testcase>
  <testcase classname="Login to account" name="Successful login" time="0.01">
    <skipped/>
  </testcase>
  <testcase classname="Login to account" name="Successful login" time="0.01">
    <skipped/>
  </testcase>
  <testcase classname="Login to account" name="Successful login" time="0.01">
    <skipped/>
  </testcase>
</testsuite>